<?xml version="1.0" encoding="UTF-8"?>
<testng-results ignored="0" total="1" passed="1" failed="0" skipped="0">
  <reporter-output>
  </reporter-output>
  <suite started-at="2021-05-06T14:41:44 IST" name="Default suite" finished-at="2021-05-06T14:42:17 IST" duration-ms="32255">
    <groups>
    </groups>
    <test started-at="2021-05-06T14:41:44 IST" name="Default test" finished-at="2021-05-06T14:42:17 IST" duration-ms="32255">
      <class name="com.OrangeHRM.Tests.OrangeHRMTest">
        <test-method is-config="true" signature="launchBrowser()[pri:0, instance:com.OrangeHRM.Tests.OrangeHRMTest@59af0466]" started-at="2021-05-06T14:41:45 IST" name="launchBrowser" finished-at="2021-05-06T14:41:57 IST" duration-ms="12683" status="PASS">
          <reporter-output>
          </reporter-output>
        </test-method> <!-- launchBrowser -->
        <test-method signature="loginToApp()[pri:0, instance:com.OrangeHRM.Tests.OrangeHRMTest@59af0466]" started-at="2021-05-06T14:41:57 IST" name="loginToApp" finished-at="2021-05-06T14:42:17 IST" duration-ms="19521" status="PASS">
          <reporter-output>
          </reporter-output>
        </test-method> <!-- loginToApp -->
      </class> <!-- com.OrangeHRM.Tests.OrangeHRMTest -->
    </test> <!-- Default test -->
  </suite> <!-- Default suite -->
</testng-results>
